<?xml version="1.0" encoding="UTF-8"?>
<!-- Generated by org.testng.reporters.JUnitReportReporter -->
<testsuite skipped="0" hostname="DESKTOP-QU383CH" name="testScripts.ExtentReportTest" tests="2" failures="0" timestamp="2023-03-04T18:11:47 GMT" time="81.724" errors="0">
  <testcase name="javaSearchTest" time="60.679" classname="testScripts.ExtentReportTest"/>
  <system-out/>
  <testcase name="seleniumSearchTest" time="21.045" classname="testScripts.ExtentReportTest"/>
  <system-out/>
</testsuite> <!-- testScripts.ExtentReportTest -->
