<?xml version="1.0" encoding="UTF-8"?>
<!-- Generated by org.testng.reporters.JUnitReportReporter -->
<testsuite skipped="0" hostname="DESKTOP-QU383CH" name="testScripts.SampleTwoTest" tests="1" failures="0" timestamp="2023-03-05T14:56:31 GMT" time="101.825" errors="0">
  <testcase name="cypressSearchTest" time="101.825" classname="testScripts.SampleTwoTest"/>
  <system-out/>
</testsuite> <!-- testScripts.SampleTwoTest -->
