<?xml version="1.0" encoding="UTF-8"?>
<!-- Generated by org.testng.reporters.JUnitReportReporter -->
<testsuite skipped="0" hostname="DESKTOP-QU383CH" name="parallelScripts.SampleOneTest" tests="1" failures="0" timestamp="2023-03-04T07:46:59 GMT" time="0.035" errors="0">
  <testcase name="testTwo" time="0.035" classname="parallelScripts.SampleOneTest"/>
  <system-out/>
</testsuite> <!-- parallelScripts.SampleOneTest -->
